<?xml version="1.0" encoding="UTF-8"?>
<!-- Generated by org.testng.reporters.JUnitXMLReporter -->
<testsuite ignored="2" hostname="Whitey" failures="1" tests="1" name="Run Debug Test" time="0.097" errors="0" timestamp="2026-03-16T18:53:36 EDT">
  <testcase classname="orangehrm_automation.testCases.TC_ORH_Login" name="TC_ORH_003" time="0.039">
    <failure type="java.lang.NullPointerException" message="Cannot invoke &amp;quot;org.openqa.selenium.SearchContext.findElement(org.openqa.selenium.By)&amp;quot; because &amp;quot;this.searchContext&amp;quot; is null">
      <![CDATA[java.lang.NullPointerException: Cannot invoke "org.openqa.selenium.SearchContext.findElement(org.openqa.selenium.By)" because "this.searchContext" is null
at org.openqa.selenium.support.pagefactory.DefaultElementLocator.findElement(DefaultElementLocator.java:68)
at org.openqa.selenium.support.pagefactory.internal.LocatingElementHandler.invoke(LocatingElementHandler.java:38)
at jdk.proxy2/jdk.proxy2.$Proxy11.click(Unknown Source)
at orangehrm_automation.pageObjects.loginPage.click_Submit(loginPage.java:68)
at orangehrm_automation.testCases.TC_ORH_Login.TC_ORH_003(TC_ORH_Login.java:55)
at java.base/java.util.ArrayList.forEach(ArrayList.java:1511)
... Removed 27 stack frames]]>
    </failure>
  </testcase> <!-- TC_ORH_003 -->
  <testcase classname="orangehrm_automation.testCases.TC_ORH_Login" name="TC_002" time="0.0">
    <ignored/>
  </testcase> <!-- TC_002 -->
  <testcase classname="orangehrm_automation.testCases.TC_ORH_Login" name="TC_001" time="0.0">
    <ignored/>
  </testcase> <!-- TC_001 -->
</testsuite> <!-- Run Debug Test -->
