<?xml version="1.0" encoding="UTF-8"?>
<!-- Generated by org.testng.reporters.JUnitXMLReporter -->
<testsuite ignored="4" hostname="Whitey" failures="0" tests="1" name="SingleMethodOnly" time="11.998" errors="0" timestamp="2026-03-16T21:02:41 EDT">
  <testcase classname="orangehrm_automation.testCases.TC_ORH_Module" name="TC_ORH_005" time="8.221"/>
  <testcase classname="orangehrm_automation.testCases.TC_ORH_Module" name="TC_002" time="0.0">
    <ignored/>
  </testcase> <!-- TC_002 -->
  <testcase classname="orangehrm_automation.testCases.TC_ORH_Module" name="TC_001" time="0.0">
    <ignored/>
  </testcase> <!-- TC_001 -->
  <testcase classname="orangehrm_automation.testCases.TC_ORH_Module" name="TC_ORH_003" time="0.0">
    <ignored/>
  </testcase> <!-- TC_ORH_003 -->
  <testcase classname="orangehrm_automation.testCases.TC_ORH_Module" name="TC_ORH_004" time="0.0">
    <ignored/>
  </testcase> <!-- TC_ORH_004 -->
</testsuite> <!-- SingleMethodOnly -->
