<?xml version="1.0" encoding="UTF-8"?>
<testng-results ignored="0" total="1" passed="1" failed="0" skipped="0">
  <reporter-output>
  </reporter-output>
  <suite started-at="2026-02-23T22:06:49 EST" name="Default suite" finished-at="2026-02-23T22:06:56 EST" duration-ms="7840">
    <groups>
    </groups>
    <test started-at="2026-02-23T22:06:49 EST" name="Default test" finished-at="2026-02-23T22:06:56 EST" duration-ms="7840">
      <class name="orangehrm_automation.testCases.TC_ORH_001">
        <test-method is-config="true" signature="initialize_Driver()[pri:0, instance:orangehrm_automation.testCases.TC_ORH_001@41d477ed]" started-at="2026-02-23T22:06:49 EST" name="initialize_Driver" finished-at="2026-02-23T22:06:53 EST" duration-ms="4820" status="PASS">
          <reporter-output>
          </reporter-output>
        </test-method> <!-- initialize_Driver -->
        <test-method signature="TC_001()[pri:0, instance:orangehrm_automation.testCases.TC_ORH_001@41d477ed]" started-at="2026-02-23T22:06:53 EST" name="TC_001" finished-at="2026-02-23T22:06:56 EST" duration-ms="2785" status="PASS">
          <reporter-output>
          </reporter-output>
        </test-method> <!-- TC_001 -->
        <test-method is-config="true" signature="tearDown()[pri:0, instance:orangehrm_automation.testCases.TC_ORH_001@41d477ed]" started-at="2026-02-23T22:06:56 EST" name="tearDown" finished-at="2026-02-23T22:06:56 EST" duration-ms="179" status="PASS">
          <reporter-output>
          </reporter-output>
        </test-method> <!-- tearDown -->
      </class> <!-- orangehrm_automation.testCases.TC_ORH_001 -->
    </test> <!-- Default test -->
  </suite> <!-- Default suite -->
</testng-results>
