<?xml version="1.0" encoding="UTF-8"?>
<testng-results ignored="0" total="1" passed="1" failed="0" skipped="0">
  <reporter-output>
  </reporter-output>
  <suite started-at="2026-03-24T14:18:43 EDT" name="Suite" finished-at="2026-03-24T14:18:49 EDT" duration-ms="5757">
    <groups>
    </groups>
    <test started-at="2026-03-24T14:18:43 EDT" name="SingleMethodOnly" finished-at="2026-03-24T14:18:49 EDT" duration-ms="5757">
      <class name="orangehrm_automation.testCases.TC_ORH_E2E">
        <test-method is-config="true" signature="initialize_Driver()[pri:0, instance:orangehrm_automation.testCases.TC_ORH_E2E@639c2c1d]" started-at="2026-03-24T14:18:43 EDT" name="initialize_Driver" finished-at="2026-03-24T14:18:47 EDT" duration-ms="4006" status="PASS">
          <reporter-output>
          </reporter-output>
        </test-method> <!-- initialize_Driver -->
        <test-method is-config="true" signature="setupPages()[pri:0, instance:orangehrm_automation.testCases.TC_ORH_E2E@639c2c1d]" started-at="2026-03-24T14:18:47 EDT" name="setupPages" finished-at="2026-03-24T14:18:47 EDT" duration-ms="1" status="PASS">
          <reporter-output>
          </reporter-output>
        </test-method> <!-- setupPages -->
        <test-method signature="TC_ORH_chk()[pri:0, instance:orangehrm_automation.testCases.TC_ORH_E2E@639c2c1d]" started-at="2026-03-24T14:18:47 EDT" name="TC_ORH_chk" finished-at="2026-03-24T14:18:49 EDT" duration-ms="1546" status="PASS">
          <reporter-output>
          </reporter-output>
        </test-method> <!-- TC_ORH_chk -->
        <test-method is-config="true" signature="tearDown()[pri:0, instance:orangehrm_automation.testCases.TC_ORH_E2E@639c2c1d]" started-at="2026-03-24T14:18:49 EDT" name="tearDown" finished-at="2026-03-24T14:18:49 EDT" duration-ms="157" status="PASS">
          <reporter-output>
          </reporter-output>
        </test-method> <!-- tearDown -->
      </class> <!-- orangehrm_automation.testCases.TC_ORH_E2E -->
    </test> <!-- SingleMethodOnly -->
  </suite> <!-- Suite -->
</testng-results>
