<?xml version="1.0" encoding="UTF-8"?>
<testng-results ignored="4" total="5" passed="1" failed="0" skipped="0">
  <reporter-output>
  </reporter-output>
  <suite started-at="2026-03-16T21:02:29 EDT" name="Suite" finished-at="2026-03-16T21:02:41 EDT" duration-ms="11998">
    <groups>
    </groups>
    <test started-at="2026-03-16T21:02:29 EDT" name="SingleMethodOnly" finished-at="2026-03-16T21:02:41 EDT" duration-ms="11998">
      <class name="orangehrm_automation.testCases.TC_ORH_Module">
        <test-method is-config="true" signature="initialize_Driver()[pri:0, instance:orangehrm_automation.testCases.TC_ORH_Module@765d7657]" started-at="2026-03-16T21:02:29 EDT" name="initialize_Driver" finished-at="2026-03-16T21:02:33 EDT" duration-ms="3505" status="PASS">
          <reporter-output>
          </reporter-output>
        </test-method> <!-- initialize_Driver -->
        <test-method signature="TC_ORH_005()[pri:0, instance:orangehrm_automation.testCases.TC_ORH_Module@765d7657]" started-at="2026-03-16T21:02:33 EDT" name="TC_ORH_005" finished-at="2026-03-16T21:02:41 EDT" duration-ms="8221" status="PASS">
          <reporter-output>
          </reporter-output>
        </test-method> <!-- TC_ORH_005 -->
        <test-method is-config="true" signature="tearDown()[pri:0, instance:orangehrm_automation.testCases.TC_ORH_Module@765d7657]" started-at="2026-03-16T21:02:41 EDT" name="tearDown" finished-at="2026-03-16T21:02:41 EDT" duration-ms="218" status="PASS">
          <reporter-output>
          </reporter-output>
        </test-method> <!-- tearDown -->
      </class> <!-- orangehrm_automation.testCases.TC_ORH_Module -->
    </test> <!-- SingleMethodOnly -->
  </suite> <!-- Suite -->
</testng-results>
